#
# There is insufficient memory for the Java Runtime Environment to continue.
# Native memory allocation (mmap) failed to map 125829120 bytes. Error detail: G1 virtual space
# Possible reasons:
#   The system is out of physical RAM or swap space
#   This process is running with CompressedOops enabled, and the Java Heap may be blocking the growth of the native heap
# Possible solutions:
#   Reduce memory load on the system
#   Increase physical memory or swap space
#   Check if swap backing store is full
#   Decrease Java heap size (-Xmx/-Xms)
#   Decrease number of Java threads
#   Decrease Java thread stack sizes (-Xss)
#   Set larger code cache with -XX:ReservedCodeCacheSize=
#   JVM is running with Unscaled Compressed Oops mode in which the Java heap is
#     placed in the first 4GB address space. The Java Heap base address is the
#     maximum limit for the native heap growth. Please use -XX:HeapBaseMinAddress
#     to set the Java Heap base and to place the Java Heap above 4GB virtual address.
# This output file may be truncated or incomplete.
#
#  Out of Memory Error (os_windows.cpp:3713), pid=27352, tid=3600
#
# JRE version:  (21.0.8+9) (build )
# Java VM: OpenJDK 64-Bit Server VM (21.0.8+9-LTS, mixed mode, sharing, tiered, compressed oops, compressed class ptrs, g1 gc, windows-amd64)
# No core dump will be written. Minidumps are not enabled by default on client versions of Windows
#

---------------  S U M M A R Y ------------

Command Line: -Dnet.bytebuddy.agent.attacher.dump= net.bytebuddy.agent.Attacher com.sun.tools.attach.VirtualMachine 26812 C:\Users\zayed_es16qd8\.m2\repository\net\bytebuddy\byte-buddy-agent\1.15.11\byte-buddy-agent-1.15.11.jar false 

Host: AMD Ryzen 5 4500U with Radeon Graphics         , 6 cores, 7G,  Windows 11 , 64 bit Build 26100 (10.0.26100.6725)
Time: Wed Nov  5 21:12:43 2025 Central Standard Time elapsed time: 1.239050 seconds (0d 0h 0m 1s)

---------------  T H R E A D  ---------------

Current thread (0x000001b0bd3d93c0):  JavaThread "Unknown thread" [_thread_in_vm, id=3600, stack(0x00000087abd00000,0x00000087abe00000) (1024K)]

Stack: [0x00000087abd00000,0x00000087abe00000]
Native frames: (J=compiled Java code, j=interpreted, Vv=VM code, C=native code)
V  [jvm.dll+0x6deaf9]
V  [jvm.dll+0x8bccc3]
V  [jvm.dll+0x8bf07e]
V  [jvm.dll+0x8bf763]
V  [jvm.dll+0x287836]
V  [jvm.dll+0x6db315]
V  [jvm.dll+0x6ced8a]
V  [jvm.dll+0x361ecb]
V  [jvm.dll+0x369a96]
V  [jvm.dll+0x3bbe66]
V  [jvm.dll+0x3bc138]
V  [jvm.dll+0x3356ac]
V  [jvm.dll+0x33639b]
V  [jvm.dll+0x884fd9]
V  [jvm.dll+0x3c9021]
V  [jvm.dll+0x86e203]
V  [jvm.dll+0x45cfae]
V  [jvm.dll+0x45ec31]
C  [jli.dll+0x52ab]
C  [ucrtbase.dll+0x37b0]
C  [KERNEL32.DLL+0x2e8d7]
C  [ntdll.dll+0x8c53c]


---------------  P R O C E S S  ---------------

Threads class SMR info:
_java_thread_list=0x00007fff7f2e1188, length=0, elements={
}

Java Threads: ( => current thread )
Total: 0

Other Threads:
  0x000001b0bd429f80 WorkerThread "GC Thread#0"                     [id=25516, stack(0x00000087abe00000,0x00000087abf00000) (1024K)]
  0x000001b0bd43a3f0 ConcurrentGCThread "G1 Main Marker"            [id=23932, stack(0x00000087abf00000,0x00000087ac000000) (1024K)]
  0x000001b0bd43aef0 WorkerThread "G1 Conc#0"                       [id=25564, stack(0x00000087ac000000,0x00000087ac100000) (1024K)]

[error occurred during error reporting (printing all threads), id 0xc0000005, EXCEPTION_ACCESS_VIOLATION (0xc0000005) at pc=0x00007fff7e9d8677]
VM state: not at safepoint (not fully initialized)

VM Mutex/Monitor currently owned by a thread:  ([mutex/lock_event])
[0x00007fff7f3554f8] Heap_lock - owner thread: 0x000001b0bd3d93c0

Heap address: 0x0000000089c00000, size: 1892 MB, Compressed Oops mode: 32-bit

CDS archive(s) mapped at: [0x0000000000000000-0x0000000000000000-0x0000000000000000), size 0, SharedBaseAddress: 0x0000000800000000, ArchiveRelocationMode: 1.
Narrow klass base: 0x0000000000000000, Narrow klass shift: 0, Narrow klass range: 0x0

GC Precious Log:
 CardTable entry size: 512
 Card Set container configuration: InlinePtr #cards 5 size 8 Array Of Cards #cards 12 size 40 Howl #buckets 4 coarsen threshold 1843 Howl Bitmap #cards 512 size 80 coarsen threshold 460 Card regions per heap region 1 cards per card region 2048

Heap:
 garbage-first heap   total 0K, used 0K [0x0000000089c00000, 0x0000000100000000)
  region size 1024K, 0 young (0K), 0 survivors (0K)

[error occurred during error reporting (printing heap information), id 0xc0000005, EXCEPTION_ACCESS_VIOLATION (0xc0000005) at pc=0x00007fff7edc82f9]
GC Heap History (0 events):
No events

Dll operation events (1 events):
Event: 0.020 Loaded shared library C:\Users\zayed_es16qd8\Java\jdk21.0.8_9\bin\java.dll

Deoptimization events (0 events):
No events

Classes loaded (0 events):
No events

Classes unloaded (0 events):
No events

Classes redefined (0 events):
No events

Internal exceptions (0 events):
No events

ZGC Phase Switch (0 events):
No events

VM Operations (0 events):
No events

Memory protections (0 events):
No events

Nmethod flushes (0 events):
No events

Events (0 events):
No events


Dynamic libraries:
0x00007ff6d7d30000 - 0x00007ff6d7d3e000 	C:\Users\zayed_es16qd8\Java\jdk21.0.8_9\bin\java.exe
0x00007ff84eec0000 - 0x00007ff84f128000 	C:\WINDOWS\SYSTEM32\ntdll.dll
0x00007ff84d750000 - 0x00007ff84d819000 	C:\WINDOWS\System32\KERNEL32.DLL
0x00007ff84c400000 - 0x00007ff84c7f2000 	C:\WINDOWS\System32\KERNELBASE.dll
0x00007ff84c800000 - 0x00007ff84c94b000 	C:\WINDOWS\System32\ucrtbase.dll
0x00007ff83d390000 - 0x00007ff83d3a8000 	C:\Users\zayed_es16qd8\Java\jdk21.0.8_9\bin\jli.dll
0x00007ff83d3b0000 - 0x00007ff83d3cb000 	C:\Users\zayed_es16qd8\Java\jdk21.0.8_9\bin\VCRUNTIME140.dll
0x00007ff84ecb0000 - 0x00007ff84ee75000 	C:\WINDOWS\System32\USER32.dll
0x00007ff84ca80000 - 0x00007ff84caa7000 	C:\WINDOWS\System32\win32u.dll
0x00007ff84d820000 - 0x00007ff84d84b000 	C:\WINDOWS\System32\GDI32.dll
0x00007ff82df10000 - 0x00007ff82e1a3000 	C:\WINDOWS\WinSxS\amd64_microsoft.windows.common-controls_6595b64144ccf1df_6.0.26100.6899_none_3e0efeeae32e88c1\COMCTL32.dll
0x00007ff84c950000 - 0x00007ff84ca7d000 	C:\WINDOWS\System32\gdi32full.dll
0x00007ff84e7f0000 - 0x00007ff84e899000 	C:\WINDOWS\System32\msvcrt.dll
0x00007ff84cab0000 - 0x00007ff84cb53000 	C:\WINDOWS\System32\msvcp_win.dll
0x00007ff84d970000 - 0x00007ff84d99f000 	C:\WINDOWS\System32\IMM32.DLL
0x00007ff82b820000 - 0x00007ff82b82c000 	C:\Users\zayed_es16qd8\Java\jdk21.0.8_9\bin\vcruntime140_1.dll
0x00007fffff2b0000 - 0x00007fffff33d000 	C:\Users\zayed_es16qd8\Java\jdk21.0.8_9\bin\msvcp140.dll
0x00007fff7e690000 - 0x00007fff7f437000 	C:\Users\zayed_es16qd8\Java\jdk21.0.8_9\bin\server\jvm.dll
0x00007ff84ebf0000 - 0x00007ff84eca4000 	C:\WINDOWS\System32\ADVAPI32.dll
0x00007ff84eb40000 - 0x00007ff84ebe6000 	C:\WINDOWS\System32\sechost.dll
0x00007ff84e6d0000 - 0x00007ff84e7e8000 	C:\WINDOWS\System32\RPCRT4.dll
0x00007ff84d5b0000 - 0x00007ff84d624000 	C:\WINDOWS\System32\WS2_32.dll
0x00007ff84beb0000 - 0x00007ff84bf0e000 	C:\WINDOWS\SYSTEM32\POWRPROF.dll
0x00007ff8424a0000 - 0x00007ff8424d5000 	C:\WINDOWS\SYSTEM32\WINMM.dll
0x00007ff8426e0000 - 0x00007ff8426eb000 	C:\WINDOWS\SYSTEM32\VERSION.dll
0x00007ff84be90000 - 0x00007ff84bea4000 	C:\WINDOWS\SYSTEM32\UMPDC.dll
0x00007ff84ade0000 - 0x00007ff84adfb000 	C:\WINDOWS\SYSTEM32\kernel.appcore.dll
0x00007ff829e30000 - 0x00007ff829e3a000 	C:\Users\zayed_es16qd8\Java\jdk21.0.8_9\bin\jimage.dll
0x00007ff849a00000 - 0x00007ff849c42000 	C:\WINDOWS\SYSTEM32\DBGHELP.DLL
0x00007ff84cd90000 - 0x00007ff84d10b000 	C:\WINDOWS\System32\combase.dll
0x00007ff84d270000 - 0x00007ff84d347000 	C:\WINDOWS\System32\OLEAUT32.dll
0x00007ff82eda0000 - 0x00007ff82eddc000 	C:\WINDOWS\SYSTEM32\dbgcore.DLL
0x00007ff84cbf0000 - 0x00007ff84cc88000 	C:\WINDOWS\System32\bcryptPrimitives.dll
0x00007ff81e1f0000 - 0x00007ff81e20f000 	C:\Users\zayed_es16qd8\Java\jdk21.0.8_9\bin\java.dll

JVMTI agents: none

dbghelp: loaded successfully - version: 4.0.5 - missing functions: none
symbol engine: initialized successfully - sym options: 0x614 - pdb path: .;C:\Users\zayed_es16qd8\Java\jdk21.0.8_9\bin;C:\WINDOWS\SYSTEM32;C:\WINDOWS\WinSxS\amd64_microsoft.windows.common-controls_6595b64144ccf1df_6.0.26100.6899_none_3e0efeeae32e88c1;C:\Users\zayed_es16qd8\Java\jdk21.0.8_9\bin\server

VM Arguments:
jvm_args: -Dnet.bytebuddy.agent.attacher.dump= 
java_command: net.bytebuddy.agent.Attacher com.sun.tools.attach.VirtualMachine 26812 C:\Users\zayed_es16qd8\.m2\repository\net\bytebuddy\byte-buddy-agent\1.15.11\byte-buddy-agent-1.15.11.jar false 
java_class_path (initial): C:\Users\zayed_es16qd8\.m2\repository\net\bytebuddy\byte-buddy-agent\1.15.11\byte-buddy-agent-1.15.11.jar
Launcher Type: SUN_STANDARD

[Global flags]
     intx CICompilerCount                          = 3                                         {product} {ergonomic}
     uint ConcGCThreads                            = 2                                         {product} {ergonomic}
     uint G1ConcRefinementThreads                  = 6                                         {product} {ergonomic}
   size_t G1HeapRegionSize                         = 1048576                                   {product} {ergonomic}
    uintx GCDrainStackTargetSize                   = 64                                        {product} {ergonomic}
   size_t InitialHeapSize                          = 125829120                                 {product} {ergonomic}
   size_t MarkStackSize                            = 4194304                                   {product} {ergonomic}
   size_t MaxHeapSize                              = 1983905792                                {product} {ergonomic}
   size_t MinHeapDeltaBytes                        = 1048576                                   {product} {ergonomic}
   size_t MinHeapSize                              = 8388608                                   {product} {ergonomic}
    uintx NonNMethodCodeHeapSize                   = 5832780                                {pd product} {ergonomic}
    uintx NonProfiledCodeHeapSize                  = 122912730                              {pd product} {ergonomic}
    uintx ProfiledCodeHeapSize                     = 122912730                              {pd product} {ergonomic}
    uintx ReservedCodeCacheSize                    = 251658240                              {pd product} {ergonomic}
     bool SegmentedCodeCache                       = true                                      {product} {ergonomic}
   size_t SoftMaxHeapSize                          = 1983905792                             {manageable} {ergonomic}
     bool UseCompressedOops                        = true                           {product lp64_product} {ergonomic}
     bool UseG1GC                                  = true                                      {product} {ergonomic}
     bool UseLargePagesIndividualAllocation        = false                                  {pd product} {ergonomic}

Logging:
Log output configuration:
 #0: stdout all=warning uptime,level,tags foldmultilines=false
 #1: stderr all=off uptime,level,tags foldmultilines=false

Environment Variables:
JAVA_HOME=C:/Users/zayed_es16qd8/Java/jdk21.0.8_9
PATH=C:\Users\zayed_es16qd8\AppData\Local\Programs\Git\mingw64\bin;C:\Users\zayed_es16qd8\AppData\Local\Programs\Git\usr\bin;C:\Users\zayed_es16qd8\bin;C:\Program Files\Eclipse Adoptium\jdk-25.0.1.8-hotspot\bin;C:\WINDOWS\system32;C:\WINDOWS;C:\WINDOWS\System32\Wbem;C:\WINDOWS\System32\WindowsPowerShell\v1.0;C:\WINDOWS\System32\OpenSSH;C:\Program Files\HP\HP One Agent;C:\Program Files\dotnet;C:\Program Files (x86)\Windows Kits\10\Windows Performance Toolkit;C:\WINDOWS\system32;C:\WINDOWS;C:\WINDOWS\System32\Wbem;C:\WINDOWS\System32\WindowsPowerShell\v1.0;C:\WINDOWS\System32\OpenSSH;C:\Program Files\nodejs;C:\WINDOWS\system32;C:\WINDOWS;C:\WINDOWS\System32\Wbem;C:\WINDOWS\System32\WindowsPowerShell\v1.0;C:\WINDOWS\System32\OpenSSH;C:\Program Files\HP\HP One Agent;C:\Program Files\dotnet;C:\Program Files (x86)\Windows Kits\10\Windows Performance Toolkit;C:\WINDOWS\system32;C:\WINDOWS;C:\WINDOWS\System32\Wbem;C:\WINDOWS\System32\WindowsPowerShell\v1.0;C:\WINDOWS\System32\OpenSSH;C:\Program Files\nodejs;C:\Users\zayed_es16qd8\AppData\Local\Programs\Python\Python313\Scripts;C:\Users\zayed_es16qd8\AppData\Local\Programs\Python\Python313;C:\Users\zayed_es16qd8\AppData\Local\Programs\Python\Launcher;C:\Users\zayed_es16qd8\AppData\Local\Microsoft\WindowsApps;C:\Users\zayed_es16qd8\AppData\Local\Programs\Microsoft VS Code\bin;C:\Users\zayed_es16qd8\AppData\Roaming\npm;C:\Users\zayed_es16qd8\AppData\Local\Programs\Git\cmd;C:\Users\zayed_es16qd8\Java\jdk21.0.8_9\bin;C:\Users\zayed_es16qd8\Maven\maven-mvnd-1.0.3-windows-amd64\bin;C:\Users\zayed_es16qd8\Maven\apache-maven-3.9.9\bin;C:\Program Files\JetBrains\IntelliJ IDEA 2025.2.2\plugins\maven\lib\maven3\bin
USERNAME=zayed_es16qd8
TERM=xterm-256color
OS=Windows_NT
PROCESSOR_IDENTIFIER=AMD64 Family 23 Model 96 Stepping 1, AuthenticAMD
TMP=C:\Users\ZAYED_~1\AppData\Local\Temp
TEMP=C:\Users\ZAYED_~1\AppData\Local\Temp




Periodic native trim disabled

---------------  S Y S T E M  ---------------

OS:
 Windows 11 , 64 bit Build 26100 (10.0.26100.6725)
OS uptime: 7 days 6:36 hours
Hyper-V role detected

CPU: total 6 (initial active 6) (6 cores per cpu, 1 threads per core) family 23 model 96 stepping 1 microcode 0x8600109, cx8, cmov, fxsr, mmx, 3dnowpref, sse, sse2, sse3, ssse3, sse4a, sse4.1, sse4.2, popcnt, lzcnt, tsc, tscinvbit, avx, avx2, aes, clmul, bmi1, bmi2, adx, sha, fma, vzeroupper, clflush, clflushopt, hv, rdtscp, rdpid, f16c
Processor Information for the first 6 processors :
  Max Mhz: 2375, Current Mhz: 2375, Mhz Limit: 2375

Memory: 4k page, system-wide physical 7566M (289M free)
TotalPageFile size 31118M (AvailPageFile size 22M)
current process WorkingSet (physical memory assigned to process): 12M, peak: 12M
current process commit charge ("private bytes"): 56M, peak: 176M

vm_info: OpenJDK 64-Bit Server VM (21.0.8+9-LTS) for windows-amd64 JRE (21.0.8+9-LTS), built on 2025-07-09T19:22:31Z by "Administrator" with MS VC++ 16.10 / 16.11 (VS2019)

END.
